<?xml version="1.0" encoding="UTF-8"?>
<testng-results ignored="0" total="2" passed="2" failed="0" skipped="0">
  <reporter-output>
  </reporter-output>
  <suite started-at="2024-01-12T15:04:17 IST" name="Suite" finished-at="2024-01-12T15:04:20 IST" duration-ms="3265">
    <groups>
    </groups>
    <test started-at="2024-01-12T15:04:17 IST" name="Test" finished-at="2024-01-12T15:04:20 IST" duration-ms="3265">
      <class name="testng.AutomationParam">
        <test-method signature="Open()[pri:0, instance:testng.AutomationParam@6cf0e0ba]" started-at="2024-01-12T15:04:17 IST" name="Open" finished-at="2024-01-12T15:04:20 IST" duration-ms="3170" status="PASS">
          <reporter-output>
          </reporter-output>
        </test-method> <!-- Open -->
        <test-method signature="Dropdown(java.lang.String)[pri:1, instance:testng.AutomationParam@6cf0e0ba]" started-at="2024-01-12T15:04:20 IST" name="Dropdown" finished-at="2024-01-12T15:04:20 IST" duration-ms="70" status="PASS">
          <params>
            <param index="0">
              <value>
                <![CDATA[C]]>
              </value>
            </param>
          </params>
          <reporter-output>
          </reporter-output>
        </test-method> <!-- Dropdown -->
      </class> <!-- testng.AutomationParam -->
    </test> <!-- Test -->
  </suite> <!-- Suite -->
</testng-results>
